<?xml version="1.0" encoding="UTF-8"?>
<!-- Generated by org.testng.reporters.JUnitReportReporter -->
<testsuite hostname="Minhajs-MacBook-Pro.local" failures="0" tests="1" name="SeleniumPackage.JSBasics" time="33.484" errors="0" timestamp="2025-07-11T01:25:13 IST" skipped="0">
  <testcase classname="SeleniumPackage.JSBasics" name="f" time="33.484"/>
</testsuite> <!-- SeleniumPackage.JSBasics -->
