<?xml version="1.0" encoding="UTF-8"?>
<!-- Generated by org.testng.reporters.JUnitReportReporter -->
<testsuite hostname="Minhajs-MacBook-Pro.local" failures="0" tests="1" name="SeleniumPackage.DatePicker" time="9.533" errors="0" timestamp="2025-08-17T17:01:04 IST" skipped="0">
  <testcase classname="SeleniumPackage.DatePicker" name="pickDate" time="9.533"/>
</testsuite> <!-- SeleniumPackage.DatePicker -->
