<?xml version="1.0" encoding="UTF-8"?>
<!-- Generated by org.testng.reporters.JUnitReportReporter -->
<testsuite hostname="Minhajs-MacBook-Pro.local" failures="0" tests="1" name="SeleniumPackage.FirstTestNGProg" time="8.679" errors="0" timestamp="2025-08-17T17:00:45 IST" skipped="0">
  <testcase classname="SeleniumPackage.FirstTestNGProg" name="f" time="8.679"/>
</testsuite> <!-- SeleniumPackage.FirstTestNGProg -->
