<?xml version="1.0" encoding="UTF-8"?>
<!-- Generated by org.testng.reporters.JUnitReportReporter -->
<testsuite hostname="Minhajs-MacBook-Pro.local" failures="0" tests="1" name="SeleniumPackage.DatePicker" time="9.643" errors="0" timestamp="2025-07-11T01:24:01 IST" skipped="0">
  <testcase classname="SeleniumPackage.DatePicker" name="pickDate" time="9.643"/>
</testsuite> <!-- SeleniumPackage.DatePicker -->
